[MFLOG|0|2026-01-25T14:44:25.692389Z|runtime|1a1ba6c8-3b70-4a02-80f6-0725eaddff65]<flow BikeSharingDemandFlow step hpo> failed:
[MFLOG|0|2026-01-25T14:44:25.695571Z|runtime|cfbcf6ea-d845-4612-a1af-3cf48c279ae4]    Internal error
[MFLOG|0|2026-01-25T14:44:25.696373Z|runtime|a9cfacf2-7956-4ad7-b1aa-b372f2236774]Traceback (most recent call last):
[MFLOG|0|2026-01-25T14:44:25.696403Z|runtime|b568680d-1f7e-4a14-92a4-a7879613f9bc]  File "/Users/nasserboan/projects/bike-sharing-demand-forecasting/.venv/lib/python3.12/site-packages/metaflow/cli.py", line 727, in main
[MFLOG|0|2026-01-25T14:44:25.696431Z|runtime|0e871162-05e6-42c6-b8b8-9a85af79f51e]    start(auto_envvar_prefix="METAFLOW", obj=state)
[MFLOG|0|2026-01-25T14:44:25.696455Z|runtime|d32dce03-b1b5-4390-8a5d-a3e2f789553f]  File "/Users/nasserboan/projects/bike-sharing-demand-forecasting/.venv/lib/python3.12/site-packages/metaflow/_vendor/click/core.py", line 829, in __call__
[MFLOG|0|2026-01-25T14:44:25.696478Z|runtime|bf0e39f6-6635-46ea-850b-e30c6d9aca64]    return self.main(args, kwargs)
[MFLOG|0|2026-01-25T14:44:25.916559Z|runtime|b40a0865-be59-4cbd-9b13-2a08e55c7a99]           ^^^^^^^^^^^^^^^^^^^^^^^^^^
[MFLOG|0|2026-01-25T14:44:25.916672Z|runtime|12915fdd-1605-45d5-af61-8b1da5a3e3fe]  File "/Users/nasserboan/projects/bike-sharing-demand-forecasting/.venv/lib/python3.12/site-packages/metaflow/_vendor/click/core.py", line 782, in main
[MFLOG|0|2026-01-25T14:44:25.916700Z|runtime|24f09c19-e2b7-4d99-bff0-1802b5b21143]    rv = self.invoke(ctx)
[MFLOG|0|2026-01-25T14:44:25.916725Z|runtime|49d3f080-19c2-46d5-9ef7-166933cc2719]         ^^^^^^^^^^^^^^^^
[MFLOG|0|2026-01-25T14:44:25.916744Z|runtime|a70cb96c-6edb-45ff-9e29-ba30c89054de]  File "/Users/nasserboan/projects/bike-sharing-demand-forecasting/.venv/lib/python3.12/site-packages/metaflow/cli_components/utils.py", line 69, in invoke
[MFLOG|0|2026-01-25T14:44:25.916765Z|runtime|f2dc605e-0110-46d9-a983-e72953a99bde]    return _process_result(sub_ctx.command.invoke(sub_ctx))
[MFLOG|0|2026-01-25T14:44:25.916780Z|runtime|1616581e-b2f6-486d-9f13-5441700d2a91]                           ^^^^^^^^^^^^^^^^^^^^^^^^^^^^^^^
[MFLOG|0|2026-01-25T14:44:25.916798Z|runtime|13ed9b45-6c55-4360-bd58-497d7c77cf30]  File "/Users/nasserboan/projects/bike-sharing-demand-forecasting/.venv/lib/python3.12/site-packages/metaflow/_vendor/click/core.py", line 1066, in invoke
[MFLOG|0|2026-01-25T14:44:25.916813Z|runtime|5ac007af-c6b5-4e68-a19c-faca5d1dacee]    return ctx.invoke(self.callback, ctx.params)
[MFLOG|0|2026-01-25T14:44:25.916830Z|runtime|6b4a59cb-6ef1-4972-8d9e-e8cf01d8492a]           ^^^^^^^^^^^^^^^^^^^^^^^^^^^^^^^^^^^^^^^
[MFLOG|0|2026-01-25T14:44:25.916847Z|runtime|8ab06a1e-a990-4c83-9564-7ebfddd8bca4]  File "/Users/nasserboan/projects/bike-sharing-demand-forecasting/.venv/lib/python3.12/site-packages/metaflow/_vendor/click/core.py", line 610, in invoke
[MFLOG|0|2026-01-25T14:44:25.916862Z|runtime|0cde99db-f5a0-4e9f-a3a0-160d2e7c8762]    return callback(args, kwargs)
[MFLOG|0|2026-01-25T14:44:25.916876Z|runtime|29d3561c-1d39-46c9-9010-b426b96a957c]           ^^^^^^^^^^^^^^^^^^^^^^^^^
[MFLOG|0|2026-01-25T14:44:25.916891Z|runtime|80e0031c-1d9f-4407-a37a-0d5962d6efc3]  File "/Users/nasserboan/projects/bike-sharing-demand-forecasting/.venv/lib/python3.12/site-packages/metaflow/tracing/__init__.py", line 27, in wrapper_func
[MFLOG|0|2026-01-25T14:44:25.916907Z|runtime|17bdc7e3-3cb6-4acc-8943-a8773ec3c6c4]    return func(args, kwargs)
[MFLOG|0|2026-01-25T14:44:25.916923Z|runtime|f528b28b-e96b-4e11-86e5-f3c96cdfff04]           ^^^^^^^^^^^^^^^^^^^^^
[MFLOG|0|2026-01-25T14:44:25.916938Z|runtime|9ff80f8c-5926-4d6f-a6f7-fc58a5252467]  File "/Users/nasserboan/projects/bike-sharing-demand-forecasting/.venv/lib/python3.12/site-packages/metaflow/_vendor/click/decorators.py", line 21, in new_func
[MFLOG|0|2026-01-25T14:44:25.916955Z|runtime|31a0affb-9d0d-4c48-b813-f865f9bc2206]    return f(get_current_context(), args, kwargs)
[MFLOG|0|2026-01-25T14:44:25.916969Z|runtime|7caa3ead-655c-44b4-b4ed-f2c3057f52d0]           ^^^^^^^^^^^^^^^^^^^^^^^^^^^^^^^^^^^^^^^^^
[MFLOG|0|2026-01-25T14:44:25.916982Z|runtime|86bbdd4e-ca9f-44cb-b735-19cb5ce51aae]  File "/Users/nasserboan/projects/bike-sharing-demand-forecasting/.venv/lib/python3.12/site-packages/metaflow/cli_components/step_cmd.py", line 171, in step
[MFLOG|0|2026-01-25T14:44:25.916997Z|runtime|04fc881e-4ee2-4b5b-a588-e61744eff36b]    task.run_step(
[MFLOG|0|2026-01-25T14:44:25.917013Z|runtime|1d55a4f4-43f2-4337-8dba-27905762b01f]  File "/Users/nasserboan/projects/bike-sharing-demand-forecasting/.venv/lib/python3.12/site-packages/metaflow/task.py", line 899, in run_step
[MFLOG|0|2026-01-25T14:44:25.917026Z|runtime|0c0ad7b3-0805-47e8-b213-3971973b3c86]    self._exec_step_function(step_func, orig_step_func)
[MFLOG|0|2026-01-25T14:44:25.917042Z|runtime|2da0298b-4b1d-4135-8d0f-8cf090b048ac]  File "/Users/nasserboan/projects/bike-sharing-demand-forecasting/.venv/lib/python3.12/site-packages/metaflow/task.py", line 147, in _exec_step_function
[MFLOG|0|2026-01-25T14:44:25.917056Z|runtime|4f32e207-cc3c-43cd-9edb-7c668b09d843]    raise raised_exception
[MFLOG|0|2026-01-25T14:44:25.917072Z|runtime|fa80032d-6cbe-4a6b-9d5b-0b142b8b7c75]  File "/Users/nasserboan/projects/bike-sharing-demand-forecasting/.venv/lib/python3.12/site-packages/metaflow/task.py", line 113, in _exec_step_function
[MFLOG|0|2026-01-25T14:44:25.917087Z|runtime|3df2864b-e495-4312-877a-8bd7d6246806]    step_function()
[MFLOG|0|2026-01-25T14:44:25.917101Z|runtime|bac4d5f4-e950-4be2-a4a4-21b0d1b65ceb]  File "/Users/nasserboan/projects/bike-sharing-demand-forecasting/src/flow.py", line 99, in hpo
[MFLOG|0|2026-01-25T14:44:25.917117Z|runtime|d06d146d-6947-4c4c-ab6d-aec84f74ac5a]    study = optuna.create_study(direction='minimize', random_state=RANDOM_STATE)
[MFLOG|0|2026-01-25T14:44:25.917133Z|runtime|ad7cba55-3b43-44d3-85a9-74a8cd9e2346]            ^^^^^^^^^^^^^^^^^^^^^^^^^^^^^^^^^^^^^^^^^^^^^^^^^^^^^^^^^^^^^^^^^^^^
[MFLOG|0|2026-01-25T14:44:25.917149Z|runtime|292acb4d-859a-40d7-ae18-7cfb52206347]  File "/Users/nasserboan/projects/bike-sharing-demand-forecasting/.venv/lib/python3.12/site-packages/optuna/_convert_positional_args.py", line 134, in converter_wrapper
[MFLOG|0|2026-01-25T14:44:25.917166Z|runtime|85638976-3954-4c53-9bc3-50ac6dca6c1a]    return func(kwargs)  # type: ignore[call-arg]
[MFLOG|0|2026-01-25T14:44:25.917180Z|runtime|1863689b-a03b-4e41-8ad7-1529374b0172]           ^^^^^^^^^^^^^^
[MFLOG|0|2026-01-25T14:44:25.917193Z|runtime|dcd0813d-ccbf-4c4a-8c10-b688558ed8dc]TypeError: create_study() got an unexpected keyword argument 'random_state'
[MFLOG|0|2026-01-25T14:44:25.917208Z|runtime|64ad1dad-6a0e-4ecd-a4d0-a7b03d99ec16]
[MFLOG|0|2026-01-25T14:44:25.917591Z|runtime|3bcdde23-9a56-4246-8fe5-f6d721e34373]Task failed.