[MFLOG|0|2026-01-24T19:51:46.907007Z|runtime|0f9e545c-f433-405c-a95a-0d57ca0109d3]<flow BikeSharingDemandFlow step preprocess> failed:
[MFLOG|0|2026-01-24T19:51:46.910441Z|runtime|e19e4482-6859-463e-8221-5ed4a9c749a3]    Internal error
[MFLOG|0|2026-01-24T19:51:46.911253Z|runtime|69a0dda3-293f-4028-997c-09ec7470b8bd]Traceback (most recent call last):
[MFLOG|0|2026-01-24T19:51:46.911284Z|runtime|0b808441-f3cd-40cd-a7dc-c5a3f49ec431]  File "/Users/nasserboan/projects/bike-sharing-demand-forecasting/.venv/lib/python3.12/site-packages/metaflow/cli.py", line 727, in main
[MFLOG|0|2026-01-24T19:51:46.911312Z|runtime|f3b91dd4-2566-49cd-8b4c-f949dfa1604c]    start(auto_envvar_prefix="METAFLOW", obj=state)
[MFLOG|0|2026-01-24T19:51:46.911335Z|runtime|11333dff-9902-49e0-aa3c-ec38361abd3b]  File "/Users/nasserboan/projects/bike-sharing-demand-forecasting/.venv/lib/python3.12/site-packages/metaflow/_vendor/click/core.py", line 829, in __call__
[MFLOG|0|2026-01-24T19:51:46.911359Z|runtime|cd80062c-01d8-44ca-949a-11537901081a]    return self.main(args, kwargs)
[MFLOG|0|2026-01-24T19:51:46.978461Z|runtime|83b91072-c517-465a-b1cd-292a88c2abba]           ^^^^^^^^^^^^^^^^^^^^^^^^^^
[MFLOG|0|2026-01-24T19:51:46.978560Z|runtime|32fba1c9-5903-4083-a401-bfae07ac9aa9]  File "/Users/nasserboan/projects/bike-sharing-demand-forecasting/.venv/lib/python3.12/site-packages/metaflow/_vendor/click/core.py", line 782, in main
[MFLOG|0|2026-01-24T19:51:46.978583Z|runtime|6c101aa0-35a2-4019-a2ee-83de0c71cd10]    rv = self.invoke(ctx)
[MFLOG|0|2026-01-24T19:51:46.978600Z|runtime|c3426a9a-78ed-4fcb-9c74-01f8ef7209db]         ^^^^^^^^^^^^^^^^
[MFLOG|0|2026-01-24T19:51:46.978616Z|runtime|357aa19b-7f32-4b51-ae79-8a5652e6c209]  File "/Users/nasserboan/projects/bike-sharing-demand-forecasting/.venv/lib/python3.12/site-packages/metaflow/cli_components/utils.py", line 69, in invoke
[MFLOG|0|2026-01-24T19:51:46.978643Z|runtime|c92fffd5-7ca4-4557-8d43-8220c8fd8a27]    return _process_result(sub_ctx.command.invoke(sub_ctx))
[MFLOG|0|2026-01-24T19:51:46.978662Z|runtime|3b908576-d5c4-43ff-88d6-1f948c2246a7]                           ^^^^^^^^^^^^^^^^^^^^^^^^^^^^^^^
[MFLOG|0|2026-01-24T19:51:46.978680Z|runtime|23ee6f73-92e9-4f2a-be7d-c2fc0a0d3025]  File "/Users/nasserboan/projects/bike-sharing-demand-forecasting/.venv/lib/python3.12/site-packages/metaflow/_vendor/click/core.py", line 1066, in invoke
[MFLOG|0|2026-01-24T19:51:46.978704Z|runtime|75cde64b-ef5a-4092-b822-c0356c207479]    return ctx.invoke(self.callback, ctx.params)
[MFLOG|0|2026-01-24T19:51:46.978722Z|runtime|2942be7e-6ecd-4abd-ab7f-4b619502359c]           ^^^^^^^^^^^^^^^^^^^^^^^^^^^^^^^^^^^^^^^
[MFLOG|0|2026-01-24T19:51:46.978738Z|runtime|cc325d8b-f1cc-4baf-aba3-29e104e2010c]  File "/Users/nasserboan/projects/bike-sharing-demand-forecasting/.venv/lib/python3.12/site-packages/metaflow/_vendor/click/core.py", line 610, in invoke
[MFLOG|0|2026-01-24T19:51:46.978753Z|runtime|166c36c7-668b-4131-a95d-fa212f7b71c0]    return callback(args, kwargs)
[MFLOG|0|2026-01-24T19:51:46.978773Z|runtime|0db607b6-73c9-44c9-a082-87fc59a012b8]           ^^^^^^^^^^^^^^^^^^^^^^^^^
[MFLOG|0|2026-01-24T19:51:46.978792Z|runtime|1edcc5b0-f2d1-404a-83e6-2336e2ce848f]  File "/Users/nasserboan/projects/bike-sharing-demand-forecasting/.venv/lib/python3.12/site-packages/metaflow/tracing/__init__.py", line 27, in wrapper_func
[MFLOG|0|2026-01-24T19:51:46.978812Z|runtime|e87c75f7-cca9-4b14-8722-e60264c76852]    return func(args, kwargs)
[MFLOG|0|2026-01-24T19:51:46.978830Z|runtime|c4f5e68c-7a7e-487b-9d61-a0be070361ba]           ^^^^^^^^^^^^^^^^^^^^^
[MFLOG|0|2026-01-24T19:51:46.978847Z|runtime|d6f343ca-ff0b-4c32-8bcd-0f0b34d93cf4]  File "/Users/nasserboan/projects/bike-sharing-demand-forecasting/.venv/lib/python3.12/site-packages/metaflow/_vendor/click/decorators.py", line 21, in new_func
[MFLOG|0|2026-01-24T19:51:46.978866Z|runtime|38d1cfeb-86da-4a10-9cc0-b1501b74101f]    return f(get_current_context(), args, kwargs)
[MFLOG|0|2026-01-24T19:51:46.978883Z|runtime|473b88f3-ce2a-4182-a171-7f4467a0941c]           ^^^^^^^^^^^^^^^^^^^^^^^^^^^^^^^^^^^^^^^^^
[MFLOG|0|2026-01-24T19:51:46.978897Z|runtime|537012d2-eb47-4588-a43b-ff5149cc8bca]  File "/Users/nasserboan/projects/bike-sharing-demand-forecasting/.venv/lib/python3.12/site-packages/metaflow/cli_components/step_cmd.py", line 171, in step
[MFLOG|0|2026-01-24T19:51:46.978911Z|runtime|2bc3e837-fde6-417b-b902-55cf74380c2c]    task.run_step(
[MFLOG|0|2026-01-24T19:51:46.978926Z|runtime|9315e779-de10-4371-b717-53841a865b1d]  File "/Users/nasserboan/projects/bike-sharing-demand-forecasting/.venv/lib/python3.12/site-packages/metaflow/task.py", line 899, in run_step
[MFLOG|0|2026-01-24T19:51:46.978944Z|runtime|5c9b65c3-385c-4829-a94b-1df5b8a14d98]    self._exec_step_function(step_func, orig_step_func)
[MFLOG|0|2026-01-24T19:51:46.978960Z|runtime|5df05be1-6783-41cd-b0ce-3c918e334b56]  File "/Users/nasserboan/projects/bike-sharing-demand-forecasting/.venv/lib/python3.12/site-packages/metaflow/task.py", line 147, in _exec_step_function
[MFLOG|0|2026-01-24T19:51:46.978979Z|runtime|ff1cf054-029e-4c12-99a6-200d05ed2b65]    raise raised_exception
[MFLOG|0|2026-01-24T19:51:46.978998Z|runtime|8cfb46e5-a10d-408b-890e-54530b021526]  File "/Users/nasserboan/projects/bike-sharing-demand-forecasting/.venv/lib/python3.12/site-packages/metaflow/task.py", line 113, in _exec_step_function
[MFLOG|0|2026-01-24T19:51:46.979015Z|runtime|5d54dec1-e906-4062-9855-8500ef137dc0]    step_function()
[MFLOG|0|2026-01-24T19:51:46.979032Z|runtime|cf64055b-0af2-4d5d-9580-aae9ab6471ee]  File "/Users/nasserboan/projects/bike-sharing-demand-forecasting/src/flow.py", line 33, in preprocess
[MFLOG|0|2026-01-24T19:51:46.979053Z|runtime|e370f2f9-ec14-46d7-ac66-69fec36a9019]    train_data = create_time_features(self.train_data)
[MFLOG|0|2026-01-24T19:51:46.979072Z|runtime|4dfdc3b2-8505-40c5-a1f4-a4d95b8515d3]                 ^^^^^^^^^^^^^^^^^^^^^^^^^^^^^^^^^^^^^
[MFLOG|0|2026-01-24T19:51:46.979089Z|runtime|19a84bb0-fcff-44ea-93d1-0eb72b098668]  File "/Users/nasserboan/projects/bike-sharing-demand-forecasting/src/preprocess/time_features.py", line 38, in create_time_features
[MFLOG|0|2026-01-24T19:51:46.979105Z|runtime|a1192920-a8c9-4b27-93cf-81b0fb154db9]    df = data.copy()
[MFLOG|0|2026-01-24T19:51:46.979123Z|runtime|5ad833eb-df71-4ed2-a37c-dd0f4056f893]         ^^^^^^^^^
[MFLOG|0|2026-01-24T19:51:46.979138Z|runtime|684b4163-3208-4d3f-8607-1a2bb2e5a584]AttributeError: 'str' object has no attribute 'copy'
[MFLOG|0|2026-01-24T19:51:46.979152Z|runtime|1d193bde-8b9f-485c-9623-df71a0895066]
[MFLOG|0|2026-01-24T19:51:46.979505Z|runtime|4946e704-1ce3-4387-833f-e4702836dc6c]Task failed.